<?xml version="1.0" encoding="UTF-8"?>
<!-- Generated by org.testng.reporters.JUnitReportReporter -->
<testsuite hostname="Mac" failures="0" tests="2" name="apiTests.apiActions.ApiActionsTest" time="0.962" errors="0" timestamp="2025-09-04T23:19:27 CEST" skipped="0">
  <testcase classname="apiTests.apiActions.ApiActionsTest" name="getBaseURI" time="0.639"/>
  <testcase classname="apiTests.apiActions.ApiActionsTest" name="getSpecificOnlineUser" time="0.323"/>
</testsuite> <!-- apiTests.apiActions.ApiActionsTest -->
