<?xml version="1.0" encoding="UTF-8"?>
<!-- Generated by org.testng.reporters.JUnitReportReporter -->
<testsuite hostname="Mac" failures="0" tests="2" name="seleniumTests.tests.Tests" time="58.904" errors="0" timestamp="2025-09-04T23:19:27 CEST" skipped="0">
  <testcase classname="seleniumTests.tests.Tests" name="testSpecificFilterElementsInDropDown" time="26.187"/>
  <testcase classname="seleniumTests.tests.Tests" name="testfilterFunction" time="32.717"/>
</testsuite> <!-- seleniumTests.tests.Tests -->
